<?xml version="1.0" encoding="UTF-8"?>
<!-- Generated by org.testng.reporters.JUnitReportReporter -->
<testsuite hostname="vensakp51" name="javaSystemProperties.PrintSystemProperties" tests="1" failures="0" timestamp="9 Jun 2016 05:07:42 GMT" time="0.020" errors="0">
  <testcase name="printSystemProperties" time="0.020" classname="javaSystemProperties.PrintSystemProperties"/>
</testsuite> <!-- javaSystemProperties.PrintSystemProperties -->
