<?xml version="1.0" encoding="UTF-8"?>
<!-- Generated by org.testng.reporters.JUnitReportReporter -->
<testsuite hostname="vensakp51" name="readDataFromPropertiesFile.RedditLogin" tests="1" failures="0" timestamp="7 Jun 2016 07:52:29 GMT" time="40.936" errors="0">
  <testcase name="redditUserLogin" time="40.936" classname="readDataFromPropertiesFile.RedditLogin"/>
</testsuite> <!-- readDataFromPropertiesFile.RedditLogin -->
