<?xml version="1.0" encoding="UTF-8"?>
<!-- Generated by org.testng.reporters.JUnitReportReporter -->
<testsuite hostname="vensakp51" name="toyota.getTheCarsText" tests="1" failures="0" timestamp="6 Jun 2016 05:46:17 GMT" time="13.996" errors="0">
  <testcase name="getCarNames" time="13.996" classname="toyota.getTheCarsText"/>
</testsuite> <!-- toyota.getTheCarsText -->
