<?xml version="1.0" encoding="UTF-8"?>
<!-- Generated by org.testng.reporters.JUnitReportReporter -->
<testsuite hostname="vensakp51" name="BasicJavaPrograms.PageScroll" tests="2" failures="0" timestamp="3 Jun 2016 13:02:24 GMT" time="4.259" errors="0">
  <testcase name="scrollingToBottomofAPage" time="1.915" classname="BasicJavaPrograms.PageScroll"/>
  <testcase name="scrollingByCoordinatesofAPage" time="2.344" classname="BasicJavaPrograms.PageScroll"/>
</testsuite> <!-- BasicJavaPrograms.PageScroll -->
