<?xml version="1.0" encoding="UTF-8"?>
<!-- Generated by org.testng.reporters.JUnitReportReporter -->
<testsuite hostname="vensakp51" name="IndividualBowserExecutions.RedditLogin_UsingFirefox" tests="1" failures="0" timestamp="7 Jun 2016 08:56:16 GMT" time="47.637" errors="0">
  <testcase name="redditUserLogin" time="47.637" classname="IndividualBowserExecutions.RedditLogin_UsingFirefox"/>
</testsuite> <!-- IndividualBowserExecutions.RedditLogin_UsingFirefox -->
