<?xml version="1.0" encoding="UTF-8"?>
<!-- Generated by org.testng.reporters.JUnitReportReporter -->
<testsuite hostname="vensakp51" name="readDataFromPropertiesFile.RedditLogin_UsingChrome" tests="1" failures="0" timestamp="7 Jun 2016 13:22:05 GMT" time="41.471" errors="0">
  <testcase name="redditUserLogin_UsingChrome" time="41.471" classname="readDataFromPropertiesFile.RedditLogin_UsingChrome"/>
</testsuite> <!-- readDataFromPropertiesFile.RedditLogin_UsingChrome -->
