<?xml version="1.0" encoding="UTF-8"?>
<!-- Generated by org.testng.reporters.JUnitReportReporter -->
<testsuite hostname="vensakp51" name="readDataFromPropertiesFile.RedditLogin_UsingFirefox" tests="1" failures="0" timestamp="29 Jun 2016 07:35:00 GMT" time="51.677" errors="0">
  <testcase name="redditUserLogin_UsingFirefox" time="51.677" classname="readDataFromPropertiesFile.RedditLogin_UsingFirefox"/>
</testsuite> <!-- readDataFromPropertiesFile.RedditLogin_UsingFirefox -->
