<?xml version="1.0" encoding="UTF-8"?>
<!-- Generated by org.testng.reporters.JUnitReportReporter -->
<testsuite hostname="vensakp51" name="JavaDateClass.DateClassExamples" tests="1" failures="0" timestamp="9 Jun 2016 12:22:39 GMT" time="0.102" errors="0">
  <testcase name="getCurrentDate" time="0.102" classname="JavaDateClass.DateClassExamples"/>
</testsuite> <!-- JavaDateClass.DateClassExamples -->
