<?xml version="1.0" encoding="UTF-8"?>
<!-- Generated by org.testng.reporters.JUnitReportReporter -->
<testsuite hostname="vensakp51" name="jdbcPrograms.ConnectJDBC" tests="1" failures="0" timestamp="20 Jun 2016 12:34:08 GMT" time="0.190" errors="0">
  <testcase name="setJDBCConnection" time="0.190" classname="jdbcPrograms.ConnectJDBC"/>
</testsuite> <!-- jdbcPrograms.ConnectJDBC -->
