<?xml version="1.0" encoding="UTF-8"?>
<!-- Generated by org.testng.reporters.JUnitReportReporter -->
<testsuite hostname="vensakp51" name="BasicStringExamples.SplitString" tests="1" failures="0" timestamp="22 Aug 2016 06:02:47 GMT" time="0.001" errors="0">
  <testcase name="splitStringExample" time="0.001" classname="BasicStringExamples.SplitString"/>
</testsuite> <!-- BasicStringExamples.SplitString -->
