<?xml version="1.0" encoding="UTF-8"?>
<!-- Generated by org.testng.reporters.JUnitReportReporter -->
<testsuite hostname="vensakp51" name="jdbcPrograms.ConnectJDBC" tests="1" failures="0" timestamp="8 Aug 2016 06:03:17 GMT" time="0.907" errors="0">
  <testcase name="setJDBCConnection" time="0.907" classname="jdbcPrograms.ConnectJDBC"/>
</testsuite> <!-- jdbcPrograms.ConnectJDBC -->
