<?xml version="1.0" encoding="UTF-8"?>
<!-- Generated by org.testng.reporters.JUnitReportReporter -->
<testsuite hostname="vensakp51" name="jdbcPrograms.ConnectJDBC" tests="1" failures="0" timestamp="26 Jul 2016 11:10:11 GMT" time="0.201" errors="0">
  <testcase name="setJDBCConnection" time="0.201" classname="jdbcPrograms.ConnectJDBC"/>
</testsuite> <!-- jdbcPrograms.ConnectJDBC -->
