<?xml version="1.0" encoding="UTF-8"?>
<!-- Generated by org.testng.reporters.JUnitReportReporter -->
<testsuite hostname="vensakp51" name="jdbcPrograms.ConnectJDBC" tests="1" failures="0" timestamp="22 Aug 2016 06:02:47 GMT" time="1.622" errors="0">
  <testcase name="setJDBCConnection" time="1.622" classname="jdbcPrograms.ConnectJDBC"/>
</testsuite> <!-- jdbcPrograms.ConnectJDBC -->
